<?xml version="1.0" encoding="UTF-8"?>
<testsuite xmlns:xsi="http://www.w3.org/2001/XMLSchema-instance" xsi:noNamespaceSchemaLocation="https://maven.apache.org/surefire/maven-surefire-plugin/xsd/surefire-test-report.xsd" version="3.0.2" name="com.example.diettracker.DietTrackerApplicationTests" time="4.712" tests="1" errors="0" skipped="0" failures="0">
  <properties>
    <property name="java.specification.version" value="21"/>
    <property name="sun.cpu.isalist" value="amd64"/>
    <property name="sun.jnu.encoding" value="GBK"/>
    <property name="java.class.path" value="E:\UW\ECE651\WebProject\diet_tracker\target\test-classes;E:\UW\ECE651\WebProject\diet_tracker\target\classes;D:\Maven\apache-maven-3.9.9\mvn_repo\org\springframework\boot\spring-boot-starter-data-jpa\3.5.0-SNAPSHOT\spring-boot-starter-data-jpa-3.5.0-SNAPSHOT.jar;D:\Maven\apache-maven-3.9.9\mvn_repo\org\springframework\boot\spring-boot-starter\3.5.0-SNAPSHOT\spring-boot-starter-3.5.0-SNAPSHOT.jar;D:\Maven\apache-maven-3.9.9\mvn_repo\org\springframework\boot\spring-boot\3.5.0-SNAPSHOT\spring-boot-3.5.0-SNAPSHOT.jar;D:\Maven\apache-maven-3.9.9\mvn_repo\org\springframework\boot\spring-boot-autoconfigure\3.5.0-SNAPSHOT\spring-boot-autoconfigure-3.5.0-SNAPSHOT.jar;D:\Maven\apache-maven-3.9.9\mvn_repo\org\springframework\boot\spring-boot-starter-logging\3.5.0-SNAPSHOT\spring-boot-starter-logging-3.5.0-SNAPSHOT.jar;D:\Maven\apache-maven-3.9.9\mvn_repo\ch\qos\logback\logback-classic\1.5.16\logback-classic-1.5.16.jar;D:\Maven\apache-maven-3.9.9\mvn_repo\ch\qos\logback\logback-core\1.5.16\logback-core-1.5.16.jar;D:\Maven\apache-maven-3.9.9\mvn_repo\org\apache\logging\log4j\log4j-to-slf4j\2.24.3\log4j-to-slf4j-2.24.3.jar;D:\Maven\apache-maven-3.9.9\mvn_repo\org\apache\logging\log4j\log4j-api\2.24.3\log4j-api-2.24.3.jar;D:\Maven\apache-maven-3.9.9\mvn_repo\org\slf4j\jul-to-slf4j\2.0.16\jul-to-slf4j-2.0.16.jar;D:\Maven\apache-maven-3.9.9\mvn_repo\jakarta\annotation\jakarta.annotation-api\2.1.1\jakarta.annotation-api-2.1.1.jar;D:\Maven\apache-maven-3.9.9\mvn_repo\org\yaml\snakeyaml\2.4\snakeyaml-2.4.jar;D:\Maven\apache-maven-3.9.9\mvn_repo\org\springframework\boot\spring-boot-starter-jdbc\3.5.0-SNAPSHOT\spring-boot-starter-jdbc-3.5.0-SNAPSHOT.jar;D:\Maven\apache-maven-3.9.9\mvn_repo\com\zaxxer\HikariCP\6.2.1\HikariCP-6.2.1.jar;D:\Maven\apache-maven-3.9.9\mvn_repo\org\springframework\spring-jdbc\6.2.3\spring-jdbc-6.2.3.jar;D:\Maven\apache-maven-3.9.9\mvn_repo\org\hibernate\orm\hibernate-core\6.6.8.Final\hibernate-core-6.6.8.Final.jar;D:\Maven\apache-maven-3.9.9\mvn_repo\jakarta\persistence\jakarta.persistence-api\3.1.0\jakarta.persistence-api-3.1.0.jar;D:\Maven\apache-maven-3.9.9\mvn_repo\jakarta\transaction\jakarta.transaction-api\2.0.1\jakarta.transaction-api-2.0.1.jar;D:\Maven\apache-maven-3.9.9\mvn_repo\org\jboss\logging\jboss-logging\3.6.1.Final\jboss-logging-3.6.1.Final.jar;D:\Maven\apache-maven-3.9.9\mvn_repo\org\hibernate\common\hibernate-commons-annotations\7.0.3.Final\hibernate-commons-annotations-7.0.3.Final.jar;D:\Maven\apache-maven-3.9.9\mvn_repo\io\smallrye\jandex\3.2.0\jandex-3.2.0.jar;D:\Maven\apache-maven-3.9.9\mvn_repo\com\fasterxml\classmate\1.7.0\classmate-1.7.0.jar;D:\Maven\apache-maven-3.9.9\mvn_repo\net\bytebuddy\byte-buddy\1.17.1\byte-buddy-1.17.1.jar;D:\Maven\apache-maven-3.9.9\mvn_repo\org\glassfish\jaxb\jaxb-runtime\4.0.5\jaxb-runtime-4.0.5.jar;D:\Maven\apache-maven-3.9.9\mvn_repo\org\glassfish\jaxb\jaxb-core\4.0.5\jaxb-core-4.0.5.jar;D:\Maven\apache-maven-3.9.9\mvn_repo\org\eclipse\angus\angus-activation\2.0.2\angus-activation-2.0.2.jar;D:\Maven\apache-maven-3.9.9\mvn_repo\org\glassfish\jaxb\txw2\4.0.5\txw2-4.0.5.jar;D:\Maven\apache-maven-3.9.9\mvn_repo\com\sun\istack\istack-commons-runtime\4.1.2\istack-commons-runtime-4.1.2.jar;D:\Maven\apache-maven-3.9.9\mvn_repo\jakarta\inject\jakarta.inject-api\2.0.1\jakarta.inject-api-2.0.1.jar;D:\Maven\apache-maven-3.9.9\mvn_repo\org\antlr\antlr4-runtime\4.13.0\antlr4-runtime-4.13.0.jar;D:\Maven\apache-maven-3.9.9\mvn_repo\org\springframework\data\spring-data-jpa\3.5.0-M1\spring-data-jpa-3.5.0-M1.jar;D:\Maven\apache-maven-3.9.9\mvn_repo\org\springframework\data\spring-data-commons\3.5.0-M1\spring-data-commons-3.5.0-M1.jar;D:\Maven\apache-maven-3.9.9\mvn_repo\org\springframework\spring-orm\6.2.3\spring-orm-6.2.3.jar;D:\Maven\apache-maven-3.9.9\mvn_repo\org\springframework\spring-context\6.2.3\spring-context-6.2.3.jar;D:\Maven\apache-maven-3.9.9\mvn_repo\org\springframework\spring-tx\6.2.3\spring-tx-6.2.3.jar;D:\Maven\apache-maven-3.9.9\mvn_repo\org\springframework\spring-beans\6.2.3\spring-beans-6.2.3.jar;D:\Maven\apache-maven-3.9.9\mvn_repo\org\slf4j\slf4j-api\2.0.16\slf4j-api-2.0.16.jar;D:\Maven\apache-maven-3.9.9\mvn_repo\org\springframework\spring-aspects\6.2.3\spring-aspects-6.2.3.jar;D:\Maven\apache-maven-3.9.9\mvn_repo\org\aspectj\aspectjweaver\1.9.22.1\aspectjweaver-1.9.22.1.jar;D:\Maven\apache-maven-3.9.9\mvn_repo\org\springframework\boot\spring-boot-starter-web\3.5.0-SNAPSHOT\spring-boot-starter-web-3.5.0-SNAPSHOT.jar;D:\Maven\apache-maven-3.9.9\mvn_repo\org\springframework\boot\spring-boot-starter-json\3.5.0-SNAPSHOT\spring-boot-starter-json-3.5.0-SNAPSHOT.jar;D:\Maven\apache-maven-3.9.9\mvn_repo\com\fasterxml\jackson\datatype\jackson-datatype-jdk8\2.18.2\jackson-datatype-jdk8-2.18.2.jar;D:\Maven\apache-maven-3.9.9\mvn_repo\com\fasterxml\jackson\datatype\jackson-datatype-jsr310\2.18.2\jackson-datatype-jsr310-2.18.2.jar;D:\Maven\apache-maven-3.9.9\mvn_repo\com\fasterxml\jackson\module\jackson-module-parameter-names\2.18.2\jackson-module-parameter-names-2.18.2.jar;D:\Maven\apache-maven-3.9.9\mvn_repo\org\springframework\boot\spring-boot-starter-tomcat\3.5.0-SNAPSHOT\spring-boot-starter-tomcat-3.5.0-SNAPSHOT.jar;D:\Maven\apache-maven-3.9.9\mvn_repo\org\apache\tomcat\embed\tomcat-embed-core\10.1.36\tomcat-embed-core-10.1.36.jar;D:\Maven\apache-maven-3.9.9\mvn_repo\org\apache\tomcat\embed\tomcat-embed-el\10.1.36\tomcat-embed-el-10.1.36.jar;D:\Maven\apache-maven-3.9.9\mvn_repo\org\apache\tomcat\embed\tomcat-embed-websocket\10.1.36\tomcat-embed-websocket-10.1.36.jar;D:\Maven\apache-maven-3.9.9\mvn_repo\org\springframework\spring-web\6.2.3\spring-web-6.2.3.jar;D:\Maven\apache-maven-3.9.9\mvn_repo\io\micrometer\micrometer-observation\1.15.0-M2\micrometer-observation-1.15.0-M2.jar;D:\Maven\apache-maven-3.9.9\mvn_repo\io\micrometer\micrometer-commons\1.15.0-M2\micrometer-commons-1.15.0-M2.jar;D:\Maven\apache-maven-3.9.9\mvn_repo\org\springframework\spring-webmvc\6.2.3\spring-webmvc-6.2.3.jar;D:\Maven\apache-maven-3.9.9\mvn_repo\org\springframework\spring-expression\6.2.3\spring-expression-6.2.3.jar;D:\Maven\apache-maven-3.9.9\mvn_repo\com\mysql\mysql-connector-j\9.2.0\mysql-connector-j-9.2.0.jar;D:\Maven\apache-maven-3.9.9\mvn_repo\org\springframework\boot\spring-boot-starter-test\3.5.0-SNAPSHOT\spring-boot-starter-test-3.5.0-SNAPSHOT.jar;D:\Maven\apache-maven-3.9.9\mvn_repo\org\springframework\boot\spring-boot-test\3.5.0-SNAPSHOT\spring-boot-test-3.5.0-SNAPSHOT.jar;D:\Maven\apache-maven-3.9.9\mvn_repo\org\springframework\boot\spring-boot-test-autoconfigure\3.5.0-SNAPSHOT\spring-boot-test-autoconfigure-3.5.0-SNAPSHOT.jar;D:\Maven\apache-maven-3.9.9\mvn_repo\com\jayway\jsonpath\json-path\2.9.0\json-path-2.9.0.jar;D:\Maven\apache-maven-3.9.9\mvn_repo\jakarta\xml\bind\jakarta.xml.bind-api\4.0.2\jakarta.xml.bind-api-4.0.2.jar;D:\Maven\apache-maven-3.9.9\mvn_repo\jakarta\activation\jakarta.activation-api\2.1.3\jakarta.activation-api-2.1.3.jar;D:\Maven\apache-maven-3.9.9\mvn_repo\net\minidev\json-smart\2.5.2\json-smart-2.5.2.jar;D:\Maven\apache-maven-3.9.9\mvn_repo\net\minidev\accessors-smart\2.5.2\accessors-smart-2.5.2.jar;D:\Maven\apache-maven-3.9.9\mvn_repo\org\ow2\asm\asm\9.7.1\asm-9.7.1.jar;D:\Maven\apache-maven-3.9.9\mvn_repo\org\assertj\assertj-core\3.27.3\assertj-core-3.27.3.jar;D:\Maven\apache-maven-3.9.9\mvn_repo\org\awaitility\awaitility\4.2.2\awaitility-4.2.2.jar;D:\Maven\apache-maven-3.9.9\mvn_repo\org\hamcrest\hamcrest\3.0\hamcrest-3.0.jar;D:\Maven\apache-maven-3.9.9\mvn_repo\org\junit\jupiter\junit-jupiter\5.11.4\junit-jupiter-5.11.4.jar;D:\Maven\apache-maven-3.9.9\mvn_repo\org\junit\jupiter\junit-jupiter-api\5.11.4\junit-jupiter-api-5.11.4.jar;D:\Maven\apache-maven-3.9.9\mvn_repo\org\opentest4j\opentest4j\1.3.0\opentest4j-1.3.0.jar;D:\Maven\apache-maven-3.9.9\mvn_repo\org\junit\platform\junit-platform-commons\1.11.4\junit-platform-commons-1.11.4.jar;D:\Maven\apache-maven-3.9.9\mvn_repo\org\apiguardian\apiguardian-api\1.1.2\apiguardian-api-1.1.2.jar;D:\Maven\apache-maven-3.9.9\mvn_repo\org\junit\jupiter\junit-jupiter-params\5.11.4\junit-jupiter-params-5.11.4.jar;D:\Maven\apache-maven-3.9.9\mvn_repo\org\junit\jupiter\junit-jupiter-engine\5.11.4\junit-jupiter-engine-5.11.4.jar;D:\Maven\apache-maven-3.9.9\mvn_repo\org\junit\platform\junit-platform-engine\1.11.4\junit-platform-engine-1.11.4.jar;D:\Maven\apache-maven-3.9.9\mvn_repo\org\mockito\mockito-core\5.15.2\mockito-core-5.15.2.jar;D:\Maven\apache-maven-3.9.9\mvn_repo\net\bytebuddy\byte-buddy-agent\1.17.1\byte-buddy-agent-1.17.1.jar;D:\Maven\apache-maven-3.9.9\mvn_repo\org\objenesis\objenesis\3.3\objenesis-3.3.jar;D:\Maven\apache-maven-3.9.9\mvn_repo\org\mockito\mockito-junit-jupiter\5.15.2\mockito-junit-jupiter-5.15.2.jar;D:\Maven\apache-maven-3.9.9\mvn_repo\org\skyscreamer\jsonassert\1.5.3\jsonassert-1.5.3.jar;D:\Maven\apache-maven-3.9.9\mvn_repo\com\vaadin\external\google\android-json\0.0.20131108.vaadin1\android-json-0.0.20131108.vaadin1.jar;D:\Maven\apache-maven-3.9.9\mvn_repo\org\springframework\spring-core\6.2.3\spring-core-6.2.3.jar;D:\Maven\apache-maven-3.9.9\mvn_repo\org\springframework\spring-jcl\6.2.3\spring-jcl-6.2.3.jar;D:\Maven\apache-maven-3.9.9\mvn_repo\org\springframework\spring-test\6.2.3\spring-test-6.2.3.jar;D:\Maven\apache-maven-3.9.9\mvn_repo\org\xmlunit\xmlunit-core\2.10.0\xmlunit-core-2.10.0.jar;D:\Maven\apache-maven-3.9.9\mvn_repo\org\projectlombok\lombok\1.18.36\lombok-1.18.36.jar;D:\Maven\apache-maven-3.9.9\mvn_repo\io\jsonwebtoken\jjwt\0.9.1\jjwt-0.9.1.jar;D:\Maven\apache-maven-3.9.9\mvn_repo\com\fasterxml\jackson\core\jackson-databind\2.18.2\jackson-databind-2.18.2.jar;D:\Maven\apache-maven-3.9.9\mvn_repo\com\fasterxml\jackson\core\jackson-annotations\2.18.2\jackson-annotations-2.18.2.jar;D:\Maven\apache-maven-3.9.9\mvn_repo\com\fasterxml\jackson\core\jackson-core\2.18.2\jackson-core-2.18.2.jar;D:\Maven\apache-maven-3.9.9\mvn_repo\org\springframework\boot\spring-boot-starter-security\3.5.0-SNAPSHOT\spring-boot-starter-security-3.5.0-SNAPSHOT.jar;D:\Maven\apache-maven-3.9.9\mvn_repo\org\springframework\spring-aop\6.2.3\spring-aop-6.2.3.jar;D:\Maven\apache-maven-3.9.9\mvn_repo\org\springframework\security\spring-security-config\6.5.0-M2\spring-security-config-6.5.0-M2.jar;D:\Maven\apache-maven-3.9.9\mvn_repo\org\springframework\security\spring-security-core\6.5.0-M2\spring-security-core-6.5.0-M2.jar;D:\Maven\apache-maven-3.9.9\mvn_repo\org\springframework\security\spring-security-crypto\6.5.0-M2\spring-security-crypto-6.5.0-M2.jar;D:\Maven\apache-maven-3.9.9\mvn_repo\org\springframework\security\spring-security-web\6.5.0-M2\spring-security-web-6.5.0-M2.jar;D:\Maven\apache-maven-3.9.9\mvn_repo\javax\xml\bind\jaxb-api\2.3.1\jaxb-api-2.3.1.jar;D:\Maven\apache-maven-3.9.9\mvn_repo\javax\activation\javax.activation-api\1.2.0\javax.activation-api-1.2.0.jar;D:\Maven\apache-maven-3.9.9\mvn_repo\com\sun\xml\bind\jaxb-core\2.3.0.1\jaxb-core-2.3.0.1.jar;D:\Maven\apache-maven-3.9.9\mvn_repo\com\sun\xml\bind\jaxb-impl\2.3.2\jaxb-impl-2.3.2.jar;"/>
    <property name="java.vm.vendor" value="Oracle Corporation"/>
    <property name="sun.arch.data.model" value="64"/>
    <property name="user.variant" value=""/>
    <property name="java.vendor.url" value="https://java.oracle.com/"/>
    <property name="user.timezone" value="America/Toronto"/>
    <property name="org.jboss.logging.provider" value="slf4j"/>
    <property name="os.name" value="Windows 11"/>
    <property name="java.vm.specification.version" value="21"/>
    <property name="sun.java.launcher" value="SUN_STANDARD"/>
    <property name="user.country" value="US"/>
    <property name="sun.boot.library.path" value="D:\Java\jdk-21\bin"/>
    <property name="sun.java.command" value="C:\Users\Ivan\AppData\Local\Temp\surefire550679855227561376\surefirebooter-20250220205411723_3.jar C:\Users\Ivan\AppData\Local\Temp\surefire550679855227561376 2025-02-20T20-54-09_575-jvmRun1 surefire-20250220205411723_1tmp surefire_0-20250220205411723_2tmp"/>
    <property name="jdk.debug" value="release"/>
    <property name="surefire.test.class.path" value="E:\UW\ECE651\WebProject\diet_tracker\target\test-classes;E:\UW\ECE651\WebProject\diet_tracker\target\classes;D:\Maven\apache-maven-3.9.9\mvn_repo\org\springframework\boot\spring-boot-starter-data-jpa\3.5.0-SNAPSHOT\spring-boot-starter-data-jpa-3.5.0-SNAPSHOT.jar;D:\Maven\apache-maven-3.9.9\mvn_repo\org\springframework\boot\spring-boot-starter\3.5.0-SNAPSHOT\spring-boot-starter-3.5.0-SNAPSHOT.jar;D:\Maven\apache-maven-3.9.9\mvn_repo\org\springframework\boot\spring-boot\3.5.0-SNAPSHOT\spring-boot-3.5.0-SNAPSHOT.jar;D:\Maven\apache-maven-3.9.9\mvn_repo\org\springframework\boot\spring-boot-autoconfigure\3.5.0-SNAPSHOT\spring-boot-autoconfigure-3.5.0-SNAPSHOT.jar;D:\Maven\apache-maven-3.9.9\mvn_repo\org\springframework\boot\spring-boot-starter-logging\3.5.0-SNAPSHOT\spring-boot-starter-logging-3.5.0-SNAPSHOT.jar;D:\Maven\apache-maven-3.9.9\mvn_repo\ch\qos\logback\logback-classic\1.5.16\logback-classic-1.5.16.jar;D:\Maven\apache-maven-3.9.9\mvn_repo\ch\qos\logback\logback-core\1.5.16\logback-core-1.5.16.jar;D:\Maven\apache-maven-3.9.9\mvn_repo\org\apache\logging\log4j\log4j-to-slf4j\2.24.3\log4j-to-slf4j-2.24.3.jar;D:\Maven\apache-maven-3.9.9\mvn_repo\org\apache\logging\log4j\log4j-api\2.24.3\log4j-api-2.24.3.jar;D:\Maven\apache-maven-3.9.9\mvn_repo\org\slf4j\jul-to-slf4j\2.0.16\jul-to-slf4j-2.0.16.jar;D:\Maven\apache-maven-3.9.9\mvn_repo\jakarta\annotation\jakarta.annotation-api\2.1.1\jakarta.annotation-api-2.1.1.jar;D:\Maven\apache-maven-3.9.9\mvn_repo\org\yaml\snakeyaml\2.4\snakeyaml-2.4.jar;D:\Maven\apache-maven-3.9.9\mvn_repo\org\springframework\boot\spring-boot-starter-jdbc\3.5.0-SNAPSHOT\spring-boot-starter-jdbc-3.5.0-SNAPSHOT.jar;D:\Maven\apache-maven-3.9.9\mvn_repo\com\zaxxer\HikariCP\6.2.1\HikariCP-6.2.1.jar;D:\Maven\apache-maven-3.9.9\mvn_repo\org\springframework\spring-jdbc\6.2.3\spring-jdbc-6.2.3.jar;D:\Maven\apache-maven-3.9.9\mvn_repo\org\hibernate\orm\hibernate-core\6.6.8.Final\hibernate-core-6.6.8.Final.jar;D:\Maven\apache-maven-3.9.9\mvn_repo\jakarta\persistence\jakarta.persistence-api\3.1.0\jakarta.persistence-api-3.1.0.jar;D:\Maven\apache-maven-3.9.9\mvn_repo\jakarta\transaction\jakarta.transaction-api\2.0.1\jakarta.transaction-api-2.0.1.jar;D:\Maven\apache-maven-3.9.9\mvn_repo\org\jboss\logging\jboss-logging\3.6.1.Final\jboss-logging-3.6.1.Final.jar;D:\Maven\apache-maven-3.9.9\mvn_repo\org\hibernate\common\hibernate-commons-annotations\7.0.3.Final\hibernate-commons-annotations-7.0.3.Final.jar;D:\Maven\apache-maven-3.9.9\mvn_repo\io\smallrye\jandex\3.2.0\jandex-3.2.0.jar;D:\Maven\apache-maven-3.9.9\mvn_repo\com\fasterxml\classmate\1.7.0\classmate-1.7.0.jar;D:\Maven\apache-maven-3.9.9\mvn_repo\net\bytebuddy\byte-buddy\1.17.1\byte-buddy-1.17.1.jar;D:\Maven\apache-maven-3.9.9\mvn_repo\org\glassfish\jaxb\jaxb-runtime\4.0.5\jaxb-runtime-4.0.5.jar;D:\Maven\apache-maven-3.9.9\mvn_repo\org\glassfish\jaxb\jaxb-core\4.0.5\jaxb-core-4.0.5.jar;D:\Maven\apache-maven-3.9.9\mvn_repo\org\eclipse\angus\angus-activation\2.0.2\angus-activation-2.0.2.jar;D:\Maven\apache-maven-3.9.9\mvn_repo\org\glassfish\jaxb\txw2\4.0.5\txw2-4.0.5.jar;D:\Maven\apache-maven-3.9.9\mvn_repo\com\sun\istack\istack-commons-runtime\4.1.2\istack-commons-runtime-4.1.2.jar;D:\Maven\apache-maven-3.9.9\mvn_repo\jakarta\inject\jakarta.inject-api\2.0.1\jakarta.inject-api-2.0.1.jar;D:\Maven\apache-maven-3.9.9\mvn_repo\org\antlr\antlr4-runtime\4.13.0\antlr4-runtime-4.13.0.jar;D:\Maven\apache-maven-3.9.9\mvn_repo\org\springframework\data\spring-data-jpa\3.5.0-M1\spring-data-jpa-3.5.0-M1.jar;D:\Maven\apache-maven-3.9.9\mvn_repo\org\springframework\data\spring-data-commons\3.5.0-M1\spring-data-commons-3.5.0-M1.jar;D:\Maven\apache-maven-3.9.9\mvn_repo\org\springframework\spring-orm\6.2.3\spring-orm-6.2.3.jar;D:\Maven\apache-maven-3.9.9\mvn_repo\org\springframework\spring-context\6.2.3\spring-context-6.2.3.jar;D:\Maven\apache-maven-3.9.9\mvn_repo\org\springframework\spring-tx\6.2.3\spring-tx-6.2.3.jar;D:\Maven\apache-maven-3.9.9\mvn_repo\org\springframework\spring-beans\6.2.3\spring-beans-6.2.3.jar;D:\Maven\apache-maven-3.9.9\mvn_repo\org\slf4j\slf4j-api\2.0.16\slf4j-api-2.0.16.jar;D:\Maven\apache-maven-3.9.9\mvn_repo\org\springframework\spring-aspects\6.2.3\spring-aspects-6.2.3.jar;D:\Maven\apache-maven-3.9.9\mvn_repo\org\aspectj\aspectjweaver\1.9.22.1\aspectjweaver-1.9.22.1.jar;D:\Maven\apache-maven-3.9.9\mvn_repo\org\springframework\boot\spring-boot-starter-web\3.5.0-SNAPSHOT\spring-boot-starter-web-3.5.0-SNAPSHOT.jar;D:\Maven\apache-maven-3.9.9\mvn_repo\org\springframework\boot\spring-boot-starter-json\3.5.0-SNAPSHOT\spring-boot-starter-json-3.5.0-SNAPSHOT.jar;D:\Maven\apache-maven-3.9.9\mvn_repo\com\fasterxml\jackson\datatype\jackson-datatype-jdk8\2.18.2\jackson-datatype-jdk8-2.18.2.jar;D:\Maven\apache-maven-3.9.9\mvn_repo\com\fasterxml\jackson\datatype\jackson-datatype-jsr310\2.18.2\jackson-datatype-jsr310-2.18.2.jar;D:\Maven\apache-maven-3.9.9\mvn_repo\com\fasterxml\jackson\module\jackson-module-parameter-names\2.18.2\jackson-module-parameter-names-2.18.2.jar;D:\Maven\apache-maven-3.9.9\mvn_repo\org\springframework\boot\spring-boot-starter-tomcat\3.5.0-SNAPSHOT\spring-boot-starter-tomcat-3.5.0-SNAPSHOT.jar;D:\Maven\apache-maven-3.9.9\mvn_repo\org\apache\tomcat\embed\tomcat-embed-core\10.1.36\tomcat-embed-core-10.1.36.jar;D:\Maven\apache-maven-3.9.9\mvn_repo\org\apache\tomcat\embed\tomcat-embed-el\10.1.36\tomcat-embed-el-10.1.36.jar;D:\Maven\apache-maven-3.9.9\mvn_repo\org\apache\tomcat\embed\tomcat-embed-websocket\10.1.36\tomcat-embed-websocket-10.1.36.jar;D:\Maven\apache-maven-3.9.9\mvn_repo\org\springframework\spring-web\6.2.3\spring-web-6.2.3.jar;D:\Maven\apache-maven-3.9.9\mvn_repo\io\micrometer\micrometer-observation\1.15.0-M2\micrometer-observation-1.15.0-M2.jar;D:\Maven\apache-maven-3.9.9\mvn_repo\io\micrometer\micrometer-commons\1.15.0-M2\micrometer-commons-1.15.0-M2.jar;D:\Maven\apache-maven-3.9.9\mvn_repo\org\springframework\spring-webmvc\6.2.3\spring-webmvc-6.2.3.jar;D:\Maven\apache-maven-3.9.9\mvn_repo\org\springframework\spring-expression\6.2.3\spring-expression-6.2.3.jar;D:\Maven\apache-maven-3.9.9\mvn_repo\com\mysql\mysql-connector-j\9.2.0\mysql-connector-j-9.2.0.jar;D:\Maven\apache-maven-3.9.9\mvn_repo\org\springframework\boot\spring-boot-starter-test\3.5.0-SNAPSHOT\spring-boot-starter-test-3.5.0-SNAPSHOT.jar;D:\Maven\apache-maven-3.9.9\mvn_repo\org\springframework\boot\spring-boot-test\3.5.0-SNAPSHOT\spring-boot-test-3.5.0-SNAPSHOT.jar;D:\Maven\apache-maven-3.9.9\mvn_repo\org\springframework\boot\spring-boot-test-autoconfigure\3.5.0-SNAPSHOT\spring-boot-test-autoconfigure-3.5.0-SNAPSHOT.jar;D:\Maven\apache-maven-3.9.9\mvn_repo\com\jayway\jsonpath\json-path\2.9.0\json-path-2.9.0.jar;D:\Maven\apache-maven-3.9.9\mvn_repo\jakarta\xml\bind\jakarta.xml.bind-api\4.0.2\jakarta.xml.bind-api-4.0.2.jar;D:\Maven\apache-maven-3.9.9\mvn_repo\jakarta\activation\jakarta.activation-api\2.1.3\jakarta.activation-api-2.1.3.jar;D:\Maven\apache-maven-3.9.9\mvn_repo\net\minidev\json-smart\2.5.2\json-smart-2.5.2.jar;D:\Maven\apache-maven-3.9.9\mvn_repo\net\minidev\accessors-smart\2.5.2\accessors-smart-2.5.2.jar;D:\Maven\apache-maven-3.9.9\mvn_repo\org\ow2\asm\asm\9.7.1\asm-9.7.1.jar;D:\Maven\apache-maven-3.9.9\mvn_repo\org\assertj\assertj-core\3.27.3\assertj-core-3.27.3.jar;D:\Maven\apache-maven-3.9.9\mvn_repo\org\awaitility\awaitility\4.2.2\awaitility-4.2.2.jar;D:\Maven\apache-maven-3.9.9\mvn_repo\org\hamcrest\hamcrest\3.0\hamcrest-3.0.jar;D:\Maven\apache-maven-3.9.9\mvn_repo\org\junit\jupiter\junit-jupiter\5.11.4\junit-jupiter-5.11.4.jar;D:\Maven\apache-maven-3.9.9\mvn_repo\org\junit\jupiter\junit-jupiter-api\5.11.4\junit-jupiter-api-5.11.4.jar;D:\Maven\apache-maven-3.9.9\mvn_repo\org\opentest4j\opentest4j\1.3.0\opentest4j-1.3.0.jar;D:\Maven\apache-maven-3.9.9\mvn_repo\org\junit\platform\junit-platform-commons\1.11.4\junit-platform-commons-1.11.4.jar;D:\Maven\apache-maven-3.9.9\mvn_repo\org\apiguardian\apiguardian-api\1.1.2\apiguardian-api-1.1.2.jar;D:\Maven\apache-maven-3.9.9\mvn_repo\org\junit\jupiter\junit-jupiter-params\5.11.4\junit-jupiter-params-5.11.4.jar;D:\Maven\apache-maven-3.9.9\mvn_repo\org\junit\jupiter\junit-jupiter-engine\5.11.4\junit-jupiter-engine-5.11.4.jar;D:\Maven\apache-maven-3.9.9\mvn_repo\org\junit\platform\junit-platform-engine\1.11.4\junit-platform-engine-1.11.4.jar;D:\Maven\apache-maven-3.9.9\mvn_repo\org\mockito\mockito-core\5.15.2\mockito-core-5.15.2.jar;D:\Maven\apache-maven-3.9.9\mvn_repo\net\bytebuddy\byte-buddy-agent\1.17.1\byte-buddy-agent-1.17.1.jar;D:\Maven\apache-maven-3.9.9\mvn_repo\org\objenesis\objenesis\3.3\objenesis-3.3.jar;D:\Maven\apache-maven-3.9.9\mvn_repo\org\mockito\mockito-junit-jupiter\5.15.2\mockito-junit-jupiter-5.15.2.jar;D:\Maven\apache-maven-3.9.9\mvn_repo\org\skyscreamer\jsonassert\1.5.3\jsonassert-1.5.3.jar;D:\Maven\apache-maven-3.9.9\mvn_repo\com\vaadin\external\google\android-json\0.0.20131108.vaadin1\android-json-0.0.20131108.vaadin1.jar;D:\Maven\apache-maven-3.9.9\mvn_repo\org\springframework\spring-core\6.2.3\spring-core-6.2.3.jar;D:\Maven\apache-maven-3.9.9\mvn_repo\org\springframework\spring-jcl\6.2.3\spring-jcl-6.2.3.jar;D:\Maven\apache-maven-3.9.9\mvn_repo\org\springframework\spring-test\6.2.3\spring-test-6.2.3.jar;D:\Maven\apache-maven-3.9.9\mvn_repo\org\xmlunit\xmlunit-core\2.10.0\xmlunit-core-2.10.0.jar;D:\Maven\apache-maven-3.9.9\mvn_repo\org\projectlombok\lombok\1.18.36\lombok-1.18.36.jar;D:\Maven\apache-maven-3.9.9\mvn_repo\io\jsonwebtoken\jjwt\0.9.1\jjwt-0.9.1.jar;D:\Maven\apache-maven-3.9.9\mvn_repo\com\fasterxml\jackson\core\jackson-databind\2.18.2\jackson-databind-2.18.2.jar;D:\Maven\apache-maven-3.9.9\mvn_repo\com\fasterxml\jackson\core\jackson-annotations\2.18.2\jackson-annotations-2.18.2.jar;D:\Maven\apache-maven-3.9.9\mvn_repo\com\fasterxml\jackson\core\jackson-core\2.18.2\jackson-core-2.18.2.jar;D:\Maven\apache-maven-3.9.9\mvn_repo\org\springframework\boot\spring-boot-starter-security\3.5.0-SNAPSHOT\spring-boot-starter-security-3.5.0-SNAPSHOT.jar;D:\Maven\apache-maven-3.9.9\mvn_repo\org\springframework\spring-aop\6.2.3\spring-aop-6.2.3.jar;D:\Maven\apache-maven-3.9.9\mvn_repo\org\springframework\security\spring-security-config\6.5.0-M2\spring-security-config-6.5.0-M2.jar;D:\Maven\apache-maven-3.9.9\mvn_repo\org\springframework\security\spring-security-core\6.5.0-M2\spring-security-core-6.5.0-M2.jar;D:\Maven\apache-maven-3.9.9\mvn_repo\org\springframework\security\spring-security-crypto\6.5.0-M2\spring-security-crypto-6.5.0-M2.jar;D:\Maven\apache-maven-3.9.9\mvn_repo\org\springframework\security\spring-security-web\6.5.0-M2\spring-security-web-6.5.0-M2.jar;D:\Maven\apache-maven-3.9.9\mvn_repo\javax\xml\bind\jaxb-api\2.3.1\jaxb-api-2.3.1.jar;D:\Maven\apache-maven-3.9.9\mvn_repo\javax\activation\javax.activation-api\1.2.0\javax.activation-api-1.2.0.jar;D:\Maven\apache-maven-3.9.9\mvn_repo\com\sun\xml\bind\jaxb-core\2.3.0.1\jaxb-core-2.3.0.1.jar;D:\Maven\apache-maven-3.9.9\mvn_repo\com\sun\xml\bind\jaxb-impl\2.3.2\jaxb-impl-2.3.2.jar;"/>
    <property name="sun.cpu.endian" value="little"/>
    <property name="user.home" value="C:\Users\Ivan"/>
    <property name="user.language" value="en"/>
    <property name="java.specification.vendor" value="Oracle Corporation"/>
    <property name="java.version.date" value="2024-04-16"/>
    <property name="java.home" value="D:\Java\jdk-21"/>
    <property name="file.separator" value="\"/>
    <property name="basedir" value="E:\UW\ECE651\WebProject\diet_tracker"/>
    <property name="java.vm.compressedOopsMode" value="Zero based"/>
    <property name="line.separator" value="&#10;"/>
    <property name="java.vm.specification.vendor" value="Oracle Corporation"/>
    <property name="java.specification.name" value="Java Platform API Specification"/>
    <property name="FILE_LOG_CHARSET" value="UTF-8"/>
    <property name="java.awt.headless" value="true"/>
    <property name="surefire.real.class.path" value="C:\Users\Ivan\AppData\Local\Temp\surefire550679855227561376\surefirebooter-20250220205411723_3.jar"/>
    <property name="user.script" value=""/>
    <property name="sun.management.compiler" value="HotSpot 64-Bit Tiered Compilers"/>
    <property name="java.runtime.version" value="21.0.3+7-LTS-152"/>
    <property name="user.name" value="Ivan"/>
    <property name="stdout.encoding" value="GBK"/>
    <property name="path.separator" value=";"/>
    <property name="os.version" value="10.0"/>
    <property name="java.runtime.name" value="Java(TM) SE Runtime Environment"/>
    <property name="file.encoding" value="UTF-8"/>
    <property name="java.vm.name" value="Java HotSpot(TM) 64-Bit Server VM"/>
    <property name="localRepository" value="D:\Maven\apache-maven-3.9.9\mvn_repo"/>
    <property name="java.vendor.url.bug" value="https://bugreport.java.com/bugreport/"/>
    <property name="java.io.tmpdir" value="C:\Users\Ivan\AppData\Local\Temp\"/>
    <property name="com.zaxxer.hikari.pool_number" value="1"/>
    <property name="java.version" value="21.0.3"/>
    <property name="user.dir" value="E:\UW\ECE651\WebProject\diet_tracker"/>
    <property name="os.arch" value="amd64"/>
    <property name="java.vm.specification.name" value="Java Virtual Machine Specification"/>
    <property name="PID" value="5108"/>
    <property name="sun.os.patch.level" value=""/>
    <property name="CONSOLE_LOG_CHARSET" value="UTF-8"/>
    <property name="native.encoding" value="GBK"/>
    <property name="java.library.path" value="D:\Java\jdk-21\bin;C:\WINDOWS\Sun\Java\bin;C:\WINDOWS\system32;C:\WINDOWS;C:\Program Files\Common Files\Oracle\Java\javapath;C:\Program Files\NVIDIA GPU Computing Toolkit\CUDA\v11.6\bin;C:\Program Files\NVIDIA GPU Computing Toolkit\CUDA\v11.6\libnvvp;D:\VMware Worstation 16 Player\bin\;C:\Program Files (x86)\Common Files\Intel\Shared Libraries\redist\intel64\compiler;C:\windows\system32;C:\windows;C:\windows\System32\Wbem;C:\windows\System32\WindowsPowerShell\v1.0\;C:\windows\System32\OpenSSH\;C:\Program Files (x86)\NVIDIA Corporation\PhysX\Common;C:\WINDOWS\system32;C:\WINDOWS;C:\WINDOWS\System32\Wbem;C:\WINDOWS\System32\WindowsPowerShell\v1.0\;C:\WINDOWS\System32\OpenSSH\;D:\MinGW\bin;C:\Program Files\NVIDIA Corporation\Nsight Compute 2022.1.0\;C:\Program Files\NVIDIA Corporation\NVIDIA NvDLISR;D:\SoftDevelop\JetBrainScripts;D:\PuTTY\;D:\Maven\apache-maven-3.9.9\bin;D:\Git\bin;D:\Git\cmd;D:\MySQL\mysql-8.4.4-winx64\bin;D:\nodejs\;D:\Python 3.9.6\Scripts\;D:\Python 3.9.6\;C:\Users\Ivan\AppData\Local\Microsoft\WindowsApps;D:\Microsoft VS Code\bin;C:\Users\Ivan\AppData\Local\JetBrains\Toolbox\scripts;C:\Users\Ivan\AppData\Local\Microsoft\WindowsApps;C:\Users\Ivan\AppData\Roaming\npm;."/>
    <property name="java.vm.info" value="mixed mode, sharing"/>
    <property name="stderr.encoding" value="GBK"/>
    <property name="java.vendor" value="Oracle Corporation"/>
    <property name="java.vm.version" value="21.0.3+7-LTS-152"/>
    <property name="sun.io.unicode.encoding" value="UnicodeLittle"/>
    <property name="java.class.version" value="65.0"/>
  </properties>
  <testcase name="contextLoads" classname="com.example.diettracker.DietTrackerApplicationTests" time="0.378">
    <system-out><![CDATA[20:54:12.728 [main] INFO org.springframework.test.context.support.AnnotationConfigContextLoaderUtils -- Could not detect default configuration classes for test class [com.example.diettracker.DietTrackerApplicationTests]: DietTrackerApplicationTests does not declare any static, non-private, non-final, nested classes annotated with @Configuration.
20:54:12.822 [main] INFO org.springframework.boot.test.context.SpringBootTestContextBootstrapper -- Found @SpringBootConfiguration com.example.diettracker.DietTrackerApplication for test class com.example.diettracker.DietTrackerApplicationTests

  .   ____          _            __ _ _
 /\\ / ___'_ __ _ _(_)_ __  __ _ \ \ \ \
( ( )\___ | '_ | '_| | '_ \/ _` | \ \ \ \
 \\/  ___)| |_)| | | | | || (_| |  ) ) ) )
  '  |____| .__|_| |_|_| |_\__, | / / / /
 =========|_|==============|___/=/_/_/_/

 :: Spring Boot ::       (v3.5.0-SNAPSHOT)

2025-02-20T20:54:13.149-05:00  INFO 5108 --- [           main] c.e.d.DietTrackerApplicationTests        : Starting DietTrackerApplicationTests using Java 21.0.3 with PID 5108 (started by Ivan in E:\UW\ECE651\WebProject\diet_tracker)
2025-02-20T20:54:13.150-05:00  INFO 5108 --- [           main] c.e.d.DietTrackerApplicationTests        : No active profile set, falling back to 1 default profile: "default"
2025-02-20T20:54:13.770-05:00  INFO 5108 --- [           main] .s.d.r.c.RepositoryConfigurationDelegate : Bootstrapping Spring Data JPA repositories in DEFAULT mode.
2025-02-20T20:54:13.824-05:00  INFO 5108 --- [           main] .s.d.r.c.RepositoryConfigurationDelegate : Finished Spring Data repository scanning in 42 ms. Found 2 JPA repository interfaces.
2025-02-20T20:54:14.304-05:00  INFO 5108 --- [           main] o.hibernate.jpa.internal.util.LogHelper  : HHH000204: Processing PersistenceUnitInfo [name: default]
2025-02-20T20:54:14.357-05:00  INFO 5108 --- [           main] org.hibernate.Version                    : HHH000412: Hibernate ORM core version 6.6.8.Final
2025-02-20T20:54:14.384-05:00  INFO 5108 --- [           main] o.h.c.internal.RegionFactoryInitiator    : HHH000026: Second-level cache disabled
2025-02-20T20:54:14.631-05:00  INFO 5108 --- [           main] o.s.o.j.p.SpringPersistenceUnitInfo      : No LoadTimeWeaver setup: ignoring JPA class transformer
2025-02-20T20:54:14.655-05:00  INFO 5108 --- [           main] com.zaxxer.hikari.HikariDataSource       : HikariPool-1 - Starting...
2025-02-20T20:54:14.967-05:00  INFO 5108 --- [           main] com.zaxxer.hikari.pool.HikariPool        : HikariPool-1 - Added connection com.mysql.cj.jdbc.ConnectionImpl@36871e98
2025-02-20T20:54:14.968-05:00  INFO 5108 --- [           main] com.zaxxer.hikari.HikariDataSource       : HikariPool-1 - Start completed.
2025-02-20T20:54:15.006-05:00  WARN 5108 --- [           main] org.hibernate.orm.deprecation            : HHH90000025: MySQL8Dialect does not need to be specified explicitly using 'hibernate.dialect' (remove the property setting and it will be selected by default)
2025-02-20T20:54:15.007-05:00  WARN 5108 --- [           main] org.hibernate.orm.deprecation            : HHH90000026: MySQL8Dialect has been deprecated; use org.hibernate.dialect.MySQLDialect instead
2025-02-20T20:54:15.019-05:00  INFO 5108 --- [           main] org.hibernate.orm.connections.pooling    : HHH10001005: Database info:
	Database JDBC URL [Connecting through datasource 'HikariDataSource (HikariPool-1)']
	Database driver: undefined/unknown
	Database version: 8.0
	Autocommit mode: undefined/unknown
	Isolation level: undefined/unknown
	Minimum pool size: undefined/unknown
	Maximum pool size: undefined/unknown
2025-02-20T20:54:15.588-05:00  INFO 5108 --- [           main] o.h.e.t.j.p.i.JtaPlatformInitiator       : HHH000489: No JTA platform available (set 'hibernate.transaction.jta.platform' to enable JTA platform integration)
2025-02-20T20:54:15.659-05:00  INFO 5108 --- [           main] j.LocalContainerEntityManagerFactoryBean : Initialized JPA EntityManagerFactory for persistence unit 'default'
2025-02-20T20:54:16.017-05:00  WARN 5108 --- [           main] JpaBaseConfiguration$JpaWebConfiguration : spring.jpa.open-in-view is enabled by default. Therefore, database queries may be performed during view rendering. Explicitly configure spring.jpa.open-in-view to disable this warning
2025-02-20T20:54:16.087-05:00  INFO 5108 --- [           main] r$InitializeUserDetailsManagerConfigurer : Global AuthenticationManager configured with UserDetailsService bean with name inMemoryUserDetailsManager
2025-02-20T20:54:16.217-05:00  INFO 5108 --- [           main] o.s.b.a.w.s.WelcomePageHandlerMapping    : Adding welcome page: class path resource [static/index.html]
2025-02-20T20:54:16.927-05:00  INFO 5108 --- [           main] c.e.d.DietTrackerApplicationTests        : Started DietTrackerApplicationTests in 4.0 seconds (process running for 5.099)
]]></system-out>
    <system-err><![CDATA[Mockito is currently self-attaching to enable the inline-mock-maker. This will no longer work in future releases of the JDK. Please add Mockito as an agent to your build as described in Mockito's documentation: https://javadoc.io/doc/org.mockito/mockito-core/latest/org/mockito/Mockito.html#0.3
WARNING: A Java agent has been loaded dynamically (D:\Maven\apache-maven-3.9.9\mvn_repo\net\bytebuddy\byte-buddy-agent\1.17.1\byte-buddy-agent-1.17.1.jar)
WARNING: If a serviceability tool is in use, please run with -XX:+EnableDynamicAgentLoading to hide this warning
WARNING: If a serviceability tool is not in use, please run with -Djdk.instrument.traceUsage for more information
WARNING: Dynamic loading of agents will be disallowed by default in a future release
]]></system-err>
  </testcase>
</testsuite>